<?xml version="1.0" encoding="UTF-8"?>
<!-- Generated by org.testng.reporters.JUnitReportReporter -->
<testsuite hostname="DESKTOP-UMO9Q3S" failures="0" tests="5" name="project2AutoExcercise.Upto10Test" time="74.308" errors="0" timestamp="2023-09-23T21:54:32 IST" skipped="0">
  <testcase classname="project2AutoExcercise.Upto10Test" name="TC6" time="20.818"/>
  <system-out/>
  <testcase classname="project2AutoExcercise.Upto10Test" name="TC7" time="7.319"/>
  <system-out/>
  <testcase classname="project2AutoExcercise.Upto10Test" name="TC8" time="20.305"/>
  <system-out/>
  <testcase classname="project2AutoExcercise.Upto10Test" name="TC9" time="18.939"/>
  <system-out/>
  <testcase classname="project2AutoExcercise.Upto10Test" name="TC10" time="6.927"/>
  <system-out/>
</testsuite> <!-- project2AutoExcercise.Upto10Test -->
